[0.008s] Invoking command in '/home/abhirup-chakraborty/nav_project/build/nav2_robot_bringup': CMAKE_PREFIX_PATH=${CMAKE_PREFIX_PATH}:/opt/ros/jazzy DEBUGINFOD_URLS=https://debuginfod.ubuntu.com /usr/bin/cmake --build /home/abhirup-chakraborty/nav_project/build/nav2_robot_bringup -- -j24 -l24
[0.036s] Invoked command in '/home/abhirup-chakraborty/nav_project/build/nav2_robot_bringup' returned '0': CMAKE_PREFIX_PATH=${CMAKE_PREFIX_PATH}:/opt/ros/jazzy DEBUGINFOD_URLS=https://debuginfod.ubuntu.com /usr/bin/cmake --build /home/abhirup-chakraborty/nav_project/build/nav2_robot_bringup -- -j24 -l24
[0.043s] Invoking command in '/home/abhirup-chakraborty/nav_project/build/nav2_robot_bringup': CMAKE_PREFIX_PATH=${CMAKE_PREFIX_PATH}:/opt/ros/jazzy DEBUGINFOD_URLS=https://debuginfod.ubuntu.com /usr/bin/cmake --install /home/abhirup-chakraborty/nav_project/build/nav2_robot_bringup
[0.048s] -- Install configuration: ""
[0.049s] -- Up-to-date: /home/abhirup-chakraborty/nav_project/install/nav2_robot_bringup/share/nav2_robot_bringup//config
[0.049s] -- Up-to-date: /home/abhirup-chakraborty/nav_project/install/nav2_robot_bringup/share/nav2_robot_bringup//config/gazebo_bridge.yaml
[0.049s] -- Up-to-date: /home/abhirup-chakraborty/nav_project/install/nav2_robot_bringup/share/nav2_robot_bringup//config/nav2_params.yaml
[0.049s] -- Up-to-date: /home/abhirup-chakraborty/nav_project/install/nav2_robot_bringup/share/nav2_robot_bringup//launch
[0.049s] -- Installing: /home/abhirup-chakraborty/nav_project/install/nav2_robot_bringup/share/nav2_robot_bringup//launch/nav2_robot_gazebo.launch.xml
[0.049s] -- Up-to-date: /home/abhirup-chakraborty/nav_project/install/nav2_robot_bringup/share/nav2_robot_bringup//launch/nav2_robot.launch.xml
[0.049s] -- Up-to-date: /home/abhirup-chakraborty/nav_project/install/nav2_robot_bringup/share/nav2_robot_bringup//worlds
[0.049s] -- Up-to-date: /home/abhirup-chakraborty/nav_project/install/nav2_robot_bringup/share/nav2_robot_bringup//worlds/tugbot_depot.sdf
[0.050s] -- Up-to-date: /home/abhirup-chakraborty/nav_project/install/nav2_robot_bringup/share/nav2_robot_bringup//maps
[0.050s] -- Up-to-date: /home/abhirup-chakraborty/nav_project/install/nav2_robot_bringup/share/nav2_robot_bringup//maps/nav2_world.pgm
[0.050s] -- Up-to-date: /home/abhirup-chakraborty/nav_project/install/nav2_robot_bringup/share/nav2_robot_bringup//maps/nav2_world.yaml
[0.050s] -- Up-to-date: /home/abhirup-chakraborty/nav_project/install/nav2_robot_bringup/share/ament_index/resource_index/package_run_dependencies/nav2_robot_bringup
[0.050s] -- Up-to-date: /home/abhirup-chakraborty/nav_project/install/nav2_robot_bringup/share/ament_index/resource_index/parent_prefix_path/nav2_robot_bringup
[0.050s] -- Up-to-date: /home/abhirup-chakraborty/nav_project/install/nav2_robot_bringup/share/nav2_robot_bringup/environment/ament_prefix_path.sh
[0.050s] -- Up-to-date: /home/abhirup-chakraborty/nav_project/install/nav2_robot_bringup/share/nav2_robot_bringup/environment/ament_prefix_path.dsv
[0.050s] -- Up-to-date: /home/abhirup-chakraborty/nav_project/install/nav2_robot_bringup/share/nav2_robot_bringup/environment/path.sh
[0.051s] -- Up-to-date: /home/abhirup-chakraborty/nav_project/install/nav2_robot_bringup/share/nav2_robot_bringup/environment/path.dsv
[0.051s] -- Up-to-date: /home/abhirup-chakraborty/nav_project/install/nav2_robot_bringup/share/nav2_robot_bringup/local_setup.bash
[0.051s] -- Up-to-date: /home/abhirup-chakraborty/nav_project/install/nav2_robot_bringup/share/nav2_robot_bringup/local_setup.sh
[0.051s] -- Up-to-date: /home/abhirup-chakraborty/nav_project/install/nav2_robot_bringup/share/nav2_robot_bringup/local_setup.zsh
[0.051s] -- Up-to-date: /home/abhirup-chakraborty/nav_project/install/nav2_robot_bringup/share/nav2_robot_bringup/local_setup.dsv
[0.051s] -- Installing: /home/abhirup-chakraborty/nav_project/install/nav2_robot_bringup/share/nav2_robot_bringup/package.dsv
[0.051s] -- Up-to-date: /home/abhirup-chakraborty/nav_project/install/nav2_robot_bringup/share/ament_index/resource_index/packages/nav2_robot_bringup
[0.052s] -- Up-to-date: /home/abhirup-chakraborty/nav_project/install/nav2_robot_bringup/share/nav2_robot_bringup/cmake/nav2_robot_bringupConfig.cmake
[0.053s] -- Up-to-date: /home/abhirup-chakraborty/nav_project/install/nav2_robot_bringup/share/nav2_robot_bringup/cmake/nav2_robot_bringupConfig-version.cmake
[0.053s] -- Up-to-date: /home/abhirup-chakraborty/nav_project/install/nav2_robot_bringup/share/nav2_robot_bringup/package.xml
[0.053s] Invoked command in '/home/abhirup-chakraborty/nav_project/build/nav2_robot_bringup' returned '0': CMAKE_PREFIX_PATH=${CMAKE_PREFIX_PATH}:/opt/ros/jazzy DEBUGINFOD_URLS=https://debuginfod.ubuntu.com /usr/bin/cmake --install /home/abhirup-chakraborty/nav_project/build/nav2_robot_bringup
