-- Install configuration: ""
-- Up-to-date: /home/abhirup-chakraborty/nav_project/install/nav2_robot_bringup/share/nav2_robot_bringup//config
-- Up-to-date: /home/abhirup-chakraborty/nav_project/install/nav2_robot_bringup/share/nav2_robot_bringup//config/gazebo_bridge.yaml
-- Up-to-date: /home/abhirup-chakraborty/nav_project/install/nav2_robot_bringup/share/nav2_robot_bringup//config/nav2_params.yaml
-- Up-to-date: /home/abhirup-chakraborty/nav_project/install/nav2_robot_bringup/share/nav2_robot_bringup//launch
-- Up-to-date: /home/abhirup-chakraborty/nav_project/install/nav2_robot_bringup/share/nav2_robot_bringup//launch/nav2_robot_gazebo.launch.xml
-- Up-to-date: /home/abhirup-chakraborty/nav_project/install/nav2_robot_bringup/share/nav2_robot_bringup//launch/nav2_robot.launch.xml
-- Up-to-date: /home/abhirup-chakraborty/nav_project/install/nav2_robot_bringup/share/nav2_robot_bringup//worlds
-- Up-to-date: /home/abhirup-chakraborty/nav_project/install/nav2_robot_bringup/share/nav2_robot_bringup//worlds/tugbot_depot.sdf
-- Up-to-date: /home/abhirup-chakraborty/nav_project/install/nav2_robot_bringup/share/nav2_robot_bringup//maps
-- Up-to-date: /home/abhirup-chakraborty/nav_project/install/nav2_robot_bringup/share/nav2_robot_bringup//maps/nav2_world.pgm
-- Up-to-date: /home/abhirup-chakraborty/nav_project/install/nav2_robot_bringup/share/nav2_robot_bringup//maps/nav2_world.yaml
-- Up-to-date: /home/abhirup-chakraborty/nav_project/install/nav2_robot_bringup/share/ament_index/resource_index/package_run_dependencies/nav2_robot_bringup
-- Up-to-date: /home/abhirup-chakraborty/nav_project/install/nav2_robot_bringup/share/ament_index/resource_index/parent_prefix_path/nav2_robot_bringup
-- Up-to-date: /home/abhirup-chakraborty/nav_project/install/nav2_robot_bringup/share/nav2_robot_bringup/environment/ament_prefix_path.sh
-- Up-to-date: /home/abhirup-chakraborty/nav_project/install/nav2_robot_bringup/share/nav2_robot_bringup/environment/ament_prefix_path.dsv
-- Up-to-date: /home/abhirup-chakraborty/nav_project/install/nav2_robot_bringup/share/nav2_robot_bringup/environment/path.sh
-- Up-to-date: /home/abhirup-chakraborty/nav_project/install/nav2_robot_bringup/share/nav2_robot_bringup/environment/path.dsv
-- Up-to-date: /home/abhirup-chakraborty/nav_project/install/nav2_robot_bringup/share/nav2_robot_bringup/local_setup.bash
-- Up-to-date: /home/abhirup-chakraborty/nav_project/install/nav2_robot_bringup/share/nav2_robot_bringup/local_setup.sh
-- Up-to-date: /home/abhirup-chakraborty/nav_project/install/nav2_robot_bringup/share/nav2_robot_bringup/local_setup.zsh
-- Up-to-date: /home/abhirup-chakraborty/nav_project/install/nav2_robot_bringup/share/nav2_robot_bringup/local_setup.dsv
-- Installing: /home/abhirup-chakraborty/nav_project/install/nav2_robot_bringup/share/nav2_robot_bringup/package.dsv
-- Up-to-date: /home/abhirup-chakraborty/nav_project/install/nav2_robot_bringup/share/ament_index/resource_index/packages/nav2_robot_bringup
-- Up-to-date: /home/abhirup-chakraborty/nav_project/install/nav2_robot_bringup/share/nav2_robot_bringup/cmake/nav2_robot_bringupConfig.cmake
-- Up-to-date: /home/abhirup-chakraborty/nav_project/install/nav2_robot_bringup/share/nav2_robot_bringup/cmake/nav2_robot_bringupConfig-version.cmake
-- Up-to-date: /home/abhirup-chakraborty/nav_project/install/nav2_robot_bringup/share/nav2_robot_bringup/package.xml
