[0.138s] Invoking command in '/home/abhirup-chakraborty/nav_project/build/nav2_robot_description': CMAKE_PREFIX_PATH=${CMAKE_PREFIX_PATH}:/home/abhirup-chakraborty/nav_project/install/nav2_commander:/opt/ros/jazzy DEBUGINFOD_URLS=https://debuginfod.ubuntu.com /usr/bin/cmake --build /home/abhirup-chakraborty/nav_project/build/nav2_robot_description -- -j24 -l24
[0.172s] Invoked command in '/home/abhirup-chakraborty/nav_project/build/nav2_robot_description' returned '0': CMAKE_PREFIX_PATH=${CMAKE_PREFIX_PATH}:/home/abhirup-chakraborty/nav_project/install/nav2_commander:/opt/ros/jazzy DEBUGINFOD_URLS=https://debuginfod.ubuntu.com /usr/bin/cmake --build /home/abhirup-chakraborty/nav_project/build/nav2_robot_description -- -j24 -l24
[0.172s] Invoking command in '/home/abhirup-chakraborty/nav_project/build/nav2_robot_description': CMAKE_PREFIX_PATH=${CMAKE_PREFIX_PATH}:/home/abhirup-chakraborty/nav_project/install/nav2_commander:/opt/ros/jazzy DEBUGINFOD_URLS=https://debuginfod.ubuntu.com /usr/bin/cmake --install /home/abhirup-chakraborty/nav_project/build/nav2_robot_description
[0.177s] -- Install configuration: ""
[0.177s] -- Up-to-date: /home/abhirup-chakraborty/nav_project/install/nav2_robot_description/share/nav2_robot_description//urdf
[0.177s] -- Up-to-date: /home/abhirup-chakraborty/nav_project/install/nav2_robot_description/share/nav2_robot_description//urdf/lidar.xacro
[0.177s] -- Up-to-date: /home/abhirup-chakraborty/nav_project/install/nav2_robot_description/share/nav2_robot_description//urdf/camera.xacro
[0.177s] -- Up-to-date: /home/abhirup-chakraborty/nav_project/install/nav2_robot_description/share/nav2_robot_description//urdf/arm.xacro
[0.178s] -- Up-to-date: /home/abhirup-chakraborty/nav_project/install/nav2_robot_description/share/nav2_robot_description//urdf/common_properties.xacro
[0.178s] -- Up-to-date: /home/abhirup-chakraborty/nav_project/install/nav2_robot_description/share/nav2_robot_description//urdf/mobile_base_gazebo.xacro
[0.178s] -- Up-to-date: /home/abhirup-chakraborty/nav_project/install/nav2_robot_description/share/nav2_robot_description//urdf/mobile_base.xacro
[0.178s] -- Up-to-date: /home/abhirup-chakraborty/nav_project/install/nav2_robot_description/share/nav2_robot_description//urdf/mobile_arm_gazebo.xacro
[0.178s] -- Up-to-date: /home/abhirup-chakraborty/nav_project/install/nav2_robot_description/share/nav2_robot_description//urdf/nav2_robot.urdf.xacro
[0.178s] -- Up-to-date: /home/abhirup-chakraborty/nav_project/install/nav2_robot_description/share/nav2_robot_description//urdf/standalone_arm.urdf.xacro
[0.178s] -- Up-to-date: /home/abhirup-chakraborty/nav_project/install/nav2_robot_description/share/nav2_robot_description//launch
[0.178s] -- Up-to-date: /home/abhirup-chakraborty/nav_project/install/nav2_robot_description/share/nav2_robot_description//launch/display.launch.xml
[0.178s] -- Up-to-date: /home/abhirup-chakraborty/nav_project/install/nav2_robot_description/share/nav2_robot_description//rviz
[0.178s] -- Up-to-date: /home/abhirup-chakraborty/nav_project/install/nav2_robot_description/share/nav2_robot_description//rviz/nav_rviz_config.rviz
[0.178s] -- Up-to-date: /home/abhirup-chakraborty/nav_project/install/nav2_robot_description/share/ament_index/resource_index/package_run_dependencies/nav2_robot_description
[0.178s] -- Up-to-date: /home/abhirup-chakraborty/nav_project/install/nav2_robot_description/share/ament_index/resource_index/parent_prefix_path/nav2_robot_description
[0.178s] -- Up-to-date: /home/abhirup-chakraborty/nav_project/install/nav2_robot_description/share/nav2_robot_description/environment/ament_prefix_path.sh
[0.178s] -- Up-to-date: /home/abhirup-chakraborty/nav_project/install/nav2_robot_description/share/nav2_robot_description/environment/ament_prefix_path.dsv
[0.178s] -- Up-to-date: /home/abhirup-chakraborty/nav_project/install/nav2_robot_description/share/nav2_robot_description/environment/path.sh
[0.178s] -- Up-to-date: /home/abhirup-chakraborty/nav_project/install/nav2_robot_description/share/nav2_robot_description/environment/path.dsv
[0.178s] -- Up-to-date: /home/abhirup-chakraborty/nav_project/install/nav2_robot_description/share/nav2_robot_description/local_setup.bash
[0.178s] -- Up-to-date: /home/abhirup-chakraborty/nav_project/install/nav2_robot_description/share/nav2_robot_description/local_setup.sh
[0.178s] -- Up-to-date: /home/abhirup-chakraborty/nav_project/install/nav2_robot_description/share/nav2_robot_description/local_setup.zsh
[0.178s] -- Up-to-date: /home/abhirup-chakraborty/nav_project/install/nav2_robot_description/share/nav2_robot_description/local_setup.dsv
[0.178s] -- Installing: /home/abhirup-chakraborty/nav_project/install/nav2_robot_description/share/nav2_robot_description/package.dsv
[0.178s] -- Up-to-date: /home/abhirup-chakraborty/nav_project/install/nav2_robot_description/share/ament_index/resource_index/packages/nav2_robot_description
[0.178s] -- Up-to-date: /home/abhirup-chakraborty/nav_project/install/nav2_robot_description/share/nav2_robot_description/cmake/nav2_robot_descriptionConfig.cmake
[0.178s] -- Up-to-date: /home/abhirup-chakraborty/nav_project/install/nav2_robot_description/share/nav2_robot_description/cmake/nav2_robot_descriptionConfig-version.cmake
[0.178s] -- Up-to-date: /home/abhirup-chakraborty/nav_project/install/nav2_robot_description/share/nav2_robot_description/package.xml
[0.187s] Invoked command in '/home/abhirup-chakraborty/nav_project/build/nav2_robot_description' returned '0': CMAKE_PREFIX_PATH=${CMAKE_PREFIX_PATH}:/home/abhirup-chakraborty/nav_project/install/nav2_commander:/opt/ros/jazzy DEBUGINFOD_URLS=https://debuginfod.ubuntu.com /usr/bin/cmake --install /home/abhirup-chakraborty/nav_project/build/nav2_robot_description
