[0.005s] Invoking command in '/home/abhirup-chakraborty/nav_project/build/nav2_robot_description': CMAKE_PREFIX_PATH=${CMAKE_PREFIX_PATH}:/opt/ros/jazzy DEBUGINFOD_URLS=https://debuginfod.ubuntu.com /usr/bin/cmake /home/abhirup-chakraborty/nav_project/src/nav2_robot_description -DCMAKE_INSTALL_PREFIX=/home/abhirup-chakraborty/nav_project/install/nav2_robot_description
[0.061s] -- The C compiler identification is GNU 13.3.0
[0.097s] -- The CXX compiler identification is GNU 13.3.0
[0.113s] -- Detecting C compiler ABI info
[0.234s] -- Detecting C compiler ABI info - done
[0.244s] -- Check for working C compiler: /usr/bin/cc - skipped
[0.244s] -- Detecting C compile features
[0.245s] -- Detecting C compile features - done
[0.254s] -- Detecting CXX compiler ABI info
[0.357s] -- Detecting CXX compiler ABI info - done
[0.364s] -- Check for working CXX compiler: /usr/bin/c++ - skipped
[0.364s] -- Detecting CXX compile features
[0.364s] -- Detecting CXX compile features - done
[0.367s] -- Found ament_cmake: 2.5.5 (/opt/ros/jazzy/share/ament_cmake/cmake)
[0.465s] -- Found Python3: /usr/bin/python3 (found version "3.12.3") found components: Interpreter 
[0.595s] -- Configuring done (0.6s)
[0.596s] -- Generating done (0.0s)
[0.597s] -- Build files have been written to: /home/abhirup-chakraborty/nav_project/build/nav2_robot_description
[0.601s] Invoked command in '/home/abhirup-chakraborty/nav_project/build/nav2_robot_description' returned '0': CMAKE_PREFIX_PATH=${CMAKE_PREFIX_PATH}:/opt/ros/jazzy DEBUGINFOD_URLS=https://debuginfod.ubuntu.com /usr/bin/cmake /home/abhirup-chakraborty/nav_project/src/nav2_robot_description -DCMAKE_INSTALL_PREFIX=/home/abhirup-chakraborty/nav_project/install/nav2_robot_description
[0.602s] Invoking command in '/home/abhirup-chakraborty/nav_project/build/nav2_robot_description': CMAKE_PREFIX_PATH=${CMAKE_PREFIX_PATH}:/opt/ros/jazzy DEBUGINFOD_URLS=https://debuginfod.ubuntu.com /usr/bin/cmake --build /home/abhirup-chakraborty/nav_project/build/nav2_robot_description -- -j24 -l24
[0.631s] Invoked command in '/home/abhirup-chakraborty/nav_project/build/nav2_robot_description' returned '0': CMAKE_PREFIX_PATH=${CMAKE_PREFIX_PATH}:/opt/ros/jazzy DEBUGINFOD_URLS=https://debuginfod.ubuntu.com /usr/bin/cmake --build /home/abhirup-chakraborty/nav_project/build/nav2_robot_description -- -j24 -l24
[0.632s] Invoking command in '/home/abhirup-chakraborty/nav_project/build/nav2_robot_description': CMAKE_PREFIX_PATH=${CMAKE_PREFIX_PATH}:/opt/ros/jazzy DEBUGINFOD_URLS=https://debuginfod.ubuntu.com /usr/bin/cmake --install /home/abhirup-chakraborty/nav_project/build/nav2_robot_description
[0.642s] -- Install configuration: ""
[0.642s] -- Installing: /home/abhirup-chakraborty/nav_project/install/nav2_robot_description/share/nav2_robot_description//urdf
[0.643s] -- Installing: /home/abhirup-chakraborty/nav_project/install/nav2_robot_description/share/nav2_robot_description//urdf/lidar.xacro
[0.643s] -- Installing: /home/abhirup-chakraborty/nav_project/install/nav2_robot_description/share/nav2_robot_description//urdf/camera.xacro
[0.643s] -- Installing: /home/abhirup-chakraborty/nav_project/install/nav2_robot_description/share/nav2_robot_description//urdf/arm.xacro
[0.643s] -- Installing: /home/abhirup-chakraborty/nav_project/install/nav2_robot_description/share/nav2_robot_description//urdf/common_properties.xacro
[0.643s] -- Installing: /home/abhirup-chakraborty/nav_project/install/nav2_robot_description/share/nav2_robot_description//urdf/mobile_base_gazebo.xacro
[0.643s] -- Installing: /home/abhirup-chakraborty/nav_project/install/nav2_robot_description/share/nav2_robot_description//urdf/mobile_base.xacro
[0.643s] -- Installing: /home/abhirup-chakraborty/nav_project/install/nav2_robot_description/share/nav2_robot_description//urdf/mobile_arm_gazebo.xacro
[0.643s] -- Installing: /home/abhirup-chakraborty/nav_project/install/nav2_robot_description/share/nav2_robot_description//urdf/nav2_robot.urdf.xacro
[0.643s] -- Installing: /home/abhirup-chakraborty/nav_project/install/nav2_robot_description/share/nav2_robot_description//urdf/standalone_arm.urdf.xacro
[0.643s] -- Installing: /home/abhirup-chakraborty/nav_project/install/nav2_robot_description/share/nav2_robot_description//launch
[0.643s] -- Installing: /home/abhirup-chakraborty/nav_project/install/nav2_robot_description/share/nav2_robot_description//launch/display.launch.xml
[0.643s] -- Installing: /home/abhirup-chakraborty/nav_project/install/nav2_robot_description/share/nav2_robot_description//rviz
[0.644s] -- Installing: /home/abhirup-chakraborty/nav_project/install/nav2_robot_description/share/nav2_robot_description//rviz/nav_rviz_config.rviz
[0.644s] -- Installing: /home/abhirup-chakraborty/nav_project/install/nav2_robot_description/share/ament_index/resource_index/package_run_dependencies/nav2_robot_description
[0.644s] -- Installing: /home/abhirup-chakraborty/nav_project/install/nav2_robot_description/share/ament_index/resource_index/parent_prefix_path/nav2_robot_description
[0.644s] -- Installing: /home/abhirup-chakraborty/nav_project/install/nav2_robot_description/share/nav2_robot_description/environment/ament_prefix_path.sh
[0.644s] -- Installing: /home/abhirup-chakraborty/nav_project/install/nav2_robot_description/share/nav2_robot_description/environment/ament_prefix_path.dsv
[0.644s] -- Installing: /home/abhirup-chakraborty/nav_project/install/nav2_robot_description/share/nav2_robot_description/environment/path.sh
[0.644s] -- Installing: /home/abhirup-chakraborty/nav_project/install/nav2_robot_description/share/nav2_robot_description/environment/path.dsv
[0.644s] -- Installing: /home/abhirup-chakraborty/nav_project/install/nav2_robot_description/share/nav2_robot_description/local_setup.bash
[0.644s] -- Installing: /home/abhirup-chakraborty/nav_project/install/nav2_robot_description/share/nav2_robot_description/local_setup.sh
[0.644s] -- Installing: /home/abhirup-chakraborty/nav_project/install/nav2_robot_description/share/nav2_robot_description/local_setup.zsh
[0.644s] -- Installing: /home/abhirup-chakraborty/nav_project/install/nav2_robot_description/share/nav2_robot_description/local_setup.dsv
[0.645s] -- Installing: /home/abhirup-chakraborty/nav_project/install/nav2_robot_description/share/nav2_robot_description/package.dsv
[0.645s] -- Installing: /home/abhirup-chakraborty/nav_project/install/nav2_robot_description/share/ament_index/resource_index/packages/nav2_robot_description
[0.645s] -- Installing: /home/abhirup-chakraborty/nav_project/install/nav2_robot_description/share/nav2_robot_description/cmake/nav2_robot_descriptionConfig.cmake
[0.645s] -- Installing: /home/abhirup-chakraborty/nav_project/install/nav2_robot_description/share/nav2_robot_description/cmake/nav2_robot_descriptionConfig-version.cmake
[0.645s] -- Installing: /home/abhirup-chakraborty/nav_project/install/nav2_robot_description/share/nav2_robot_description/package.xml
[0.655s] Invoked command in '/home/abhirup-chakraborty/nav_project/build/nav2_robot_description' returned '0': CMAKE_PREFIX_PATH=${CMAKE_PREFIX_PATH}:/opt/ros/jazzy DEBUGINFOD_URLS=https://debuginfod.ubuntu.com /usr/bin/cmake --install /home/abhirup-chakraborty/nav_project/build/nav2_robot_description
