[0.465s] Invoking command in '/home/abhirup-chakraborty/nav_project/build/nav2_commander': DEBUGINFOD_URLS=https://debuginfod.ubuntu.com PYTHONPATH=/home/abhirup-chakraborty/nav_project/build/nav2_commander/prefix_override:/usr/lib/python3/dist-packages/colcon_core/task/python/colcon_distutils_commands:/home/abhirup-chakraborty/nav_project/install/nav2_commander/lib/python3.12/site-packages:${PYTHONPATH} /usr/bin/python3 -W ignore:setup.py install is deprecated -W ignore:easy_install command is deprecated setup.py develop --editable --build-directory /home/abhirup-chakraborty/nav_project/build/nav2_commander/build --no-deps symlink_data --force
[0.651s] running develop
[0.766s] running egg_info
[0.777s] writing nav2_commander.egg-info/PKG-INFO
[0.777s] writing dependency_links to nav2_commander.egg-info/dependency_links.txt
[0.778s] writing entry points to nav2_commander.egg-info/entry_points.txt
[0.778s] writing requirements to nav2_commander.egg-info/requires.txt
[0.778s] writing top-level names to nav2_commander.egg-info/top_level.txt
[0.800s] reading manifest file 'nav2_commander.egg-info/SOURCES.txt'
[0.801s] writing manifest file 'nav2_commander.egg-info/SOURCES.txt'
[0.813s] running build_ext
[0.813s] Creating /home/abhirup-chakraborty/nav_project/install/nav2_commander/lib/python3.12/site-packages/nav2-commander.egg-link (link to .)
[0.813s] Installing commander script to /home/abhirup-chakraborty/nav_project/install/nav2_commander/lib/nav2_commander
[0.813s] Installing patrol script to /home/abhirup-chakraborty/nav_project/install/nav2_commander/lib/nav2_commander
[0.814s] 
[0.814s] Installed /home/abhirup-chakraborty/nav_project/build/nav2_commander
[0.814s] running symlink_data
[0.814s] symbolically linking /home/abhirup-chakraborty/nav_project/build/nav2_commander/resource/nav2_commander -> /home/abhirup-chakraborty/nav_project/install/nav2_commander/share/ament_index/resource_index/packages
[0.814s] symbolically linking /home/abhirup-chakraborty/nav_project/build/nav2_commander/package.xml -> /home/abhirup-chakraborty/nav_project/install/nav2_commander/share/nav2_commander
[0.831s] Invoked command in '/home/abhirup-chakraborty/nav_project/build/nav2_commander' returned '0': DEBUGINFOD_URLS=https://debuginfod.ubuntu.com PYTHONPATH=/home/abhirup-chakraborty/nav_project/build/nav2_commander/prefix_override:/usr/lib/python3/dist-packages/colcon_core/task/python/colcon_distutils_commands:/home/abhirup-chakraborty/nav_project/install/nav2_commander/lib/python3.12/site-packages:${PYTHONPATH} /usr/bin/python3 -W ignore:setup.py install is deprecated -W ignore:easy_install command is deprecated setup.py develop --editable --build-directory /home/abhirup-chakraborty/nav_project/build/nav2_commander/build --no-deps symlink_data --force
