[0.066s] DEBUG:colcon:Command line arguments: ['/usr/bin/colcon', 'build']
[0.066s] DEBUG:colcon:Parsed command line arguments: Namespace(log_base=None, log_level=None, verb_name='build', build_base='build', install_base='install', merge_install=False, symlink_install=False, test_result_base=None, continue_on_error=False, executor='parallel', parallel_workers=24, event_handlers=None, ignore_user_meta=False, metas=['./colcon.meta'], base_paths=['.'], packages_ignore=None, packages_ignore_regex=None, paths=None, packages_up_to=None, packages_up_to_regex=None, packages_above=None, packages_above_and_dependencies=None, packages_above_depth=None, packages_select_by_dep=None, packages_skip_by_dep=None, packages_skip_up_to=None, packages_select_build_failed=False, packages_skip_build_finished=False, packages_select_test_failures=False, packages_skip_test_passed=False, packages_select=None, packages_skip=None, packages_select_regex=None, packages_skip_regex=None, packages_start=None, packages_end=None, allow_overriding=[], cmake_args=None, cmake_target=None, cmake_target_skip_unavailable=False, cmake_clean_cache=False, cmake_clean_first=False, cmake_force_configure=False, ament_cmake_args=None, catkin_cmake_args=None, catkin_skip_building_tests=False, mixin_files=None, mixin=None, verb_parser=<colcon_mixin.mixin.mixin_argument.MixinArgumentDecorator object at 0x73bc0c0b9490>, verb_extension=<colcon_core.verb.build.BuildVerb object at 0x73bc0c1c64b0>, main=<bound method BuildVerb.main of <colcon_core.verb.build.BuildVerb object at 0x73bc0c1c64b0>>, mixin_verb=('build',))
[0.089s] Level 1:colcon.colcon_core.package_discovery:discover_packages(colcon_meta) check parameters
[0.089s] Level 1:colcon.colcon_core.package_discovery:discover_packages(recursive) check parameters
[0.089s] Level 1:colcon.colcon_core.package_discovery:discover_packages(ignore) check parameters
[0.089s] Level 1:colcon.colcon_core.package_discovery:discover_packages(path) check parameters
[0.089s] Level 1:colcon.colcon_core.package_discovery:discover_packages(colcon_meta) discover
[0.089s] Level 1:colcon.colcon_core.package_discovery:discover_packages(recursive) discover
[0.089s] INFO:colcon.colcon_core.package_discovery:Crawling recursively for packages in '/home/abhirup-chakraborty/nav_project'
[0.089s] Level 1:colcon.colcon_core.package_identification:_identify(.) by extensions ['ignore', 'ignore_ament_install']
[0.089s] Level 1:colcon.colcon_core.package_identification:_identify(.) by extension 'ignore'
[0.089s] Level 1:colcon.colcon_core.package_identification:_identify(.) by extension 'ignore_ament_install'
[0.089s] Level 1:colcon.colcon_core.package_identification:_identify(.) by extensions ['colcon_pkg']
[0.089s] Level 1:colcon.colcon_core.package_identification:_identify(.) by extension 'colcon_pkg'
[0.089s] Level 1:colcon.colcon_core.package_identification:_identify(.) by extensions ['colcon_meta']
[0.089s] Level 1:colcon.colcon_core.package_identification:_identify(.) by extension 'colcon_meta'
[0.089s] Level 1:colcon.colcon_core.package_identification:_identify(.) by extensions ['ros']
[0.089s] Level 1:colcon.colcon_core.package_identification:_identify(.) by extension 'ros'
[0.106s] Level 1:colcon.colcon_core.package_identification:_identify(.) by extensions ['cmake', 'python']
[0.106s] Level 1:colcon.colcon_core.package_identification:_identify(.) by extension 'cmake'
[0.106s] Level 1:colcon.colcon_core.package_identification:_identify(.) by extension 'python'
[0.106s] Level 1:colcon.colcon_core.package_identification:_identify(.) by extensions ['python_setup_py']
[0.106s] Level 1:colcon.colcon_core.package_identification:_identify(.) by extension 'python_setup_py'
[0.106s] Level 1:colcon.colcon_core.package_identification:_identify(build) by extensions ['ignore', 'ignore_ament_install']
[0.106s] Level 1:colcon.colcon_core.package_identification:_identify(build) by extension 'ignore'
[0.106s] Level 1:colcon.colcon_core.package_identification:_identify(build) ignored
[0.106s] Level 1:colcon.colcon_core.package_identification:_identify(install) by extensions ['ignore', 'ignore_ament_install']
[0.106s] Level 1:colcon.colcon_core.package_identification:_identify(install) by extension 'ignore'
[0.106s] Level 1:colcon.colcon_core.package_identification:_identify(install) ignored
[0.107s] Level 1:colcon.colcon_core.package_identification:_identify(log) by extensions ['ignore', 'ignore_ament_install']
[0.107s] Level 1:colcon.colcon_core.package_identification:_identify(log) by extension 'ignore'
[0.107s] Level 1:colcon.colcon_core.package_identification:_identify(log) ignored
[0.107s] Level 1:colcon.colcon_core.package_identification:_identify(src) by extensions ['ignore', 'ignore_ament_install']
[0.107s] Level 1:colcon.colcon_core.package_identification:_identify(src) by extension 'ignore'
[0.107s] Level 1:colcon.colcon_core.package_identification:_identify(src) by extension 'ignore_ament_install'
[0.107s] Level 1:colcon.colcon_core.package_identification:_identify(src) by extensions ['colcon_pkg']
[0.107s] Level 1:colcon.colcon_core.package_identification:_identify(src) by extension 'colcon_pkg'
[0.107s] Level 1:colcon.colcon_core.package_identification:_identify(src) by extensions ['colcon_meta']
[0.107s] Level 1:colcon.colcon_core.package_identification:_identify(src) by extension 'colcon_meta'
[0.107s] Level 1:colcon.colcon_core.package_identification:_identify(src) by extensions ['ros']
[0.107s] Level 1:colcon.colcon_core.package_identification:_identify(src) by extension 'ros'
[0.107s] Level 1:colcon.colcon_core.package_identification:_identify(src) by extensions ['cmake', 'python']
[0.107s] Level 1:colcon.colcon_core.package_identification:_identify(src) by extension 'cmake'
[0.107s] Level 1:colcon.colcon_core.package_identification:_identify(src) by extension 'python'
[0.107s] Level 1:colcon.colcon_core.package_identification:_identify(src) by extensions ['python_setup_py']
[0.107s] Level 1:colcon.colcon_core.package_identification:_identify(src) by extension 'python_setup_py'
[0.107s] Level 1:colcon.colcon_core.package_identification:_identify(src/nav2_commander) by extensions ['ignore', 'ignore_ament_install']
[0.107s] Level 1:colcon.colcon_core.package_identification:_identify(src/nav2_commander) by extension 'ignore'
[0.107s] Level 1:colcon.colcon_core.package_identification:_identify(src/nav2_commander) by extension 'ignore_ament_install'
[0.107s] Level 1:colcon.colcon_core.package_identification:_identify(src/nav2_commander) by extensions ['colcon_pkg']
[0.107s] Level 1:colcon.colcon_core.package_identification:_identify(src/nav2_commander) by extension 'colcon_pkg'
[0.107s] Level 1:colcon.colcon_core.package_identification:_identify(src/nav2_commander) by extensions ['colcon_meta']
[0.107s] Level 1:colcon.colcon_core.package_identification:_identify(src/nav2_commander) by extension 'colcon_meta'
[0.107s] Level 1:colcon.colcon_core.package_identification:_identify(src/nav2_commander) by extensions ['ros']
[0.107s] Level 1:colcon.colcon_core.package_identification:_identify(src/nav2_commander) by extension 'ros'
[0.109s] DEBUG:colcon.colcon_core.package_identification:Package 'src/nav2_commander' with type 'ros.ament_python' and name 'nav2_commander'
[0.109s] Level 1:colcon.colcon_core.package_identification:_identify(src/nav2_robot_bringup) by extensions ['ignore', 'ignore_ament_install']
[0.109s] Level 1:colcon.colcon_core.package_identification:_identify(src/nav2_robot_bringup) by extension 'ignore'
[0.109s] Level 1:colcon.colcon_core.package_identification:_identify(src/nav2_robot_bringup) by extension 'ignore_ament_install'
[0.109s] Level 1:colcon.colcon_core.package_identification:_identify(src/nav2_robot_bringup) by extensions ['colcon_pkg']
[0.109s] Level 1:colcon.colcon_core.package_identification:_identify(src/nav2_robot_bringup) by extension 'colcon_pkg'
[0.109s] Level 1:colcon.colcon_core.package_identification:_identify(src/nav2_robot_bringup) by extensions ['colcon_meta']
[0.109s] Level 1:colcon.colcon_core.package_identification:_identify(src/nav2_robot_bringup) by extension 'colcon_meta'
[0.109s] Level 1:colcon.colcon_core.package_identification:_identify(src/nav2_robot_bringup) by extensions ['ros']
[0.109s] Level 1:colcon.colcon_core.package_identification:_identify(src/nav2_robot_bringup) by extension 'ros'
[0.109s] DEBUG:colcon.colcon_core.package_identification:Package 'src/nav2_robot_bringup' with type 'ros.ament_cmake' and name 'nav2_robot_bringup'
[0.109s] Level 1:colcon.colcon_core.package_identification:_identify(src/nav2_robot_description) by extensions ['ignore', 'ignore_ament_install']
[0.109s] Level 1:colcon.colcon_core.package_identification:_identify(src/nav2_robot_description) by extension 'ignore'
[0.110s] Level 1:colcon.colcon_core.package_identification:_identify(src/nav2_robot_description) by extension 'ignore_ament_install'
[0.110s] Level 1:colcon.colcon_core.package_identification:_identify(src/nav2_robot_description) by extensions ['colcon_pkg']
[0.110s] Level 1:colcon.colcon_core.package_identification:_identify(src/nav2_robot_description) by extension 'colcon_pkg'
[0.110s] Level 1:colcon.colcon_core.package_identification:_identify(src/nav2_robot_description) by extensions ['colcon_meta']
[0.110s] Level 1:colcon.colcon_core.package_identification:_identify(src/nav2_robot_description) by extension 'colcon_meta'
[0.110s] Level 1:colcon.colcon_core.package_identification:_identify(src/nav2_robot_description) by extensions ['ros']
[0.110s] Level 1:colcon.colcon_core.package_identification:_identify(src/nav2_robot_description) by extension 'ros'
[0.110s] DEBUG:colcon.colcon_core.package_identification:Package 'src/nav2_robot_description' with type 'ros.ament_cmake' and name 'nav2_robot_description'
[0.110s] Level 1:colcon.colcon_core.package_discovery:discover_packages(recursive) using defaults
[0.110s] Level 1:colcon.colcon_core.package_discovery:discover_packages(ignore) discover
[0.110s] Level 1:colcon.colcon_core.package_discovery:discover_packages(ignore) using defaults
[0.110s] Level 1:colcon.colcon_core.package_discovery:discover_packages(path) discover
[0.110s] Level 1:colcon.colcon_core.package_discovery:discover_packages(path) using defaults
[0.121s] Level 1:colcon.colcon_core.package_discovery:discover_packages(prefix_path) check parameters
[0.121s] Level 1:colcon.colcon_core.package_discovery:discover_packages(prefix_path) discover
[0.122s] DEBUG:colcon.colcon_installed_package_information.package_discovery:Found 3 installed packages in /home/abhirup-chakraborty/nav_project/install
[0.123s] DEBUG:colcon.colcon_installed_package_information.package_discovery:Found 2 installed packages in /home/abhirup-chakraborty/install
[0.124s] DEBUG:colcon.colcon_installed_package_information.package_discovery:Found 540 installed packages in /opt/ros/jazzy
[0.125s] Level 1:colcon.colcon_core.package_discovery:discover_packages(prefix_path) using defaults
[0.168s] Level 5:colcon.colcon_core.verb:set package 'nav2_commander' build argument 'cmake_args' from command line to 'None'
[0.168s] Level 5:colcon.colcon_core.verb:set package 'nav2_commander' build argument 'cmake_target' from command line to 'None'
[0.168s] Level 5:colcon.colcon_core.verb:set package 'nav2_commander' build argument 'cmake_target_skip_unavailable' from command line to 'False'
[0.168s] Level 5:colcon.colcon_core.verb:set package 'nav2_commander' build argument 'cmake_clean_cache' from command line to 'False'
[0.168s] Level 5:colcon.colcon_core.verb:set package 'nav2_commander' build argument 'cmake_clean_first' from command line to 'False'
[0.168s] Level 5:colcon.colcon_core.verb:set package 'nav2_commander' build argument 'cmake_force_configure' from command line to 'False'
[0.168s] Level 5:colcon.colcon_core.verb:set package 'nav2_commander' build argument 'ament_cmake_args' from command line to 'None'
[0.168s] Level 5:colcon.colcon_core.verb:set package 'nav2_commander' build argument 'catkin_cmake_args' from command line to 'None'
[0.168s] Level 5:colcon.colcon_core.verb:set package 'nav2_commander' build argument 'catkin_skip_building_tests' from command line to 'False'
[0.168s] DEBUG:colcon.colcon_core.verb:Building package 'nav2_commander' with the following arguments: {'ament_cmake_args': None, 'build_base': '/home/abhirup-chakraborty/nav_project/build/nav2_commander', 'catkin_cmake_args': None, 'catkin_skip_building_tests': False, 'cmake_args': None, 'cmake_clean_cache': False, 'cmake_clean_first': False, 'cmake_force_configure': False, 'cmake_target': None, 'cmake_target_skip_unavailable': False, 'install_base': '/home/abhirup-chakraborty/nav_project/install/nav2_commander', 'merge_install': False, 'path': '/home/abhirup-chakraborty/nav_project/src/nav2_commander', 'symlink_install': False, 'test_result_base': None}
[0.169s] Level 5:colcon.colcon_core.verb:set package 'nav2_robot_bringup' build argument 'cmake_args' from command line to 'None'
[0.169s] Level 5:colcon.colcon_core.verb:set package 'nav2_robot_bringup' build argument 'cmake_target' from command line to 'None'
[0.169s] Level 5:colcon.colcon_core.verb:set package 'nav2_robot_bringup' build argument 'cmake_target_skip_unavailable' from command line to 'False'
[0.169s] Level 5:colcon.colcon_core.verb:set package 'nav2_robot_bringup' build argument 'cmake_clean_cache' from command line to 'False'
[0.169s] Level 5:colcon.colcon_core.verb:set package 'nav2_robot_bringup' build argument 'cmake_clean_first' from command line to 'False'
[0.169s] Level 5:colcon.colcon_core.verb:set package 'nav2_robot_bringup' build argument 'cmake_force_configure' from command line to 'False'
[0.169s] Level 5:colcon.colcon_core.verb:set package 'nav2_robot_bringup' build argument 'ament_cmake_args' from command line to 'None'
[0.169s] Level 5:colcon.colcon_core.verb:set package 'nav2_robot_bringup' build argument 'catkin_cmake_args' from command line to 'None'
[0.169s] Level 5:colcon.colcon_core.verb:set package 'nav2_robot_bringup' build argument 'catkin_skip_building_tests' from command line to 'False'
[0.169s] DEBUG:colcon.colcon_core.verb:Building package 'nav2_robot_bringup' with the following arguments: {'ament_cmake_args': None, 'build_base': '/home/abhirup-chakraborty/nav_project/build/nav2_robot_bringup', 'catkin_cmake_args': None, 'catkin_skip_building_tests': False, 'cmake_args': None, 'cmake_clean_cache': False, 'cmake_clean_first': False, 'cmake_force_configure': False, 'cmake_target': None, 'cmake_target_skip_unavailable': False, 'install_base': '/home/abhirup-chakraborty/nav_project/install/nav2_robot_bringup', 'merge_install': False, 'path': '/home/abhirup-chakraborty/nav_project/src/nav2_robot_bringup', 'symlink_install': False, 'test_result_base': None}
[0.169s] Level 5:colcon.colcon_core.verb:set package 'nav2_robot_description' build argument 'cmake_args' from command line to 'None'
[0.169s] Level 5:colcon.colcon_core.verb:set package 'nav2_robot_description' build argument 'cmake_target' from command line to 'None'
[0.169s] Level 5:colcon.colcon_core.verb:set package 'nav2_robot_description' build argument 'cmake_target_skip_unavailable' from command line to 'False'
[0.169s] Level 5:colcon.colcon_core.verb:set package 'nav2_robot_description' build argument 'cmake_clean_cache' from command line to 'False'
[0.169s] Level 5:colcon.colcon_core.verb:set package 'nav2_robot_description' build argument 'cmake_clean_first' from command line to 'False'
[0.169s] Level 5:colcon.colcon_core.verb:set package 'nav2_robot_description' build argument 'cmake_force_configure' from command line to 'False'
[0.169s] Level 5:colcon.colcon_core.verb:set package 'nav2_robot_description' build argument 'ament_cmake_args' from command line to 'None'
[0.169s] Level 5:colcon.colcon_core.verb:set package 'nav2_robot_description' build argument 'catkin_cmake_args' from command line to 'None'
[0.169s] Level 5:colcon.colcon_core.verb:set package 'nav2_robot_description' build argument 'catkin_skip_building_tests' from command line to 'False'
[0.169s] DEBUG:colcon.colcon_core.verb:Building package 'nav2_robot_description' with the following arguments: {'ament_cmake_args': None, 'build_base': '/home/abhirup-chakraborty/nav_project/build/nav2_robot_description', 'catkin_cmake_args': None, 'catkin_skip_building_tests': False, 'cmake_args': None, 'cmake_clean_cache': False, 'cmake_clean_first': False, 'cmake_force_configure': False, 'cmake_target': None, 'cmake_target_skip_unavailable': False, 'install_base': '/home/abhirup-chakraborty/nav_project/install/nav2_robot_description', 'merge_install': False, 'path': '/home/abhirup-chakraborty/nav_project/src/nav2_robot_description', 'symlink_install': False, 'test_result_base': None}
[0.169s] INFO:colcon.colcon_core.executor:Executing jobs using 'parallel' executor
[0.170s] DEBUG:colcon.colcon_parallel_executor.executor.parallel:run_until_complete
[0.170s] INFO:colcon.colcon_ros.task.ament_python.build:Building ROS package in '/home/abhirup-chakraborty/nav_project/src/nav2_commander' with build type 'ament_python'
[0.170s] Level 1:colcon.colcon_core.shell:create_environment_hook('nav2_commander', 'ament_prefix_path')
[0.171s] INFO:colcon.colcon_core.plugin_system:Skipping extension 'colcon_core.shell.bat': Not used on non-Windows systems
[0.171s] INFO:colcon.colcon_core.shell:Creating environment hook '/home/abhirup-chakraborty/nav_project/install/nav2_commander/share/nav2_commander/hook/ament_prefix_path.ps1'
[0.172s] INFO:colcon.colcon_core.shell:Creating environment descriptor '/home/abhirup-chakraborty/nav_project/install/nav2_commander/share/nav2_commander/hook/ament_prefix_path.dsv'
[0.172s] INFO:colcon.colcon_core.shell:Creating environment hook '/home/abhirup-chakraborty/nav_project/install/nav2_commander/share/nav2_commander/hook/ament_prefix_path.sh'
[0.172s] INFO:colcon.colcon_core.shell:Skip shell extension 'powershell' for command environment: Not usable outside of PowerShell
[0.172s] DEBUG:colcon.colcon_core.shell:Skip shell extension 'dsv' for command environment
[0.175s] INFO:colcon.colcon_ros.task.ament_cmake.build:Building ROS package in '/home/abhirup-chakraborty/nav_project/src/nav2_robot_bringup' with build type 'ament_cmake'
[0.175s] INFO:colcon.colcon_cmake.task.cmake.build:Building CMake package in '/home/abhirup-chakraborty/nav_project/src/nav2_robot_bringup'
[0.175s] INFO:colcon.colcon_core.shell:Skip shell extension 'powershell' for command environment: Not usable outside of PowerShell
[0.175s] DEBUG:colcon.colcon_core.shell:Skip shell extension 'dsv' for command environment
[0.178s] INFO:colcon.colcon_ros.task.ament_cmake.build:Building ROS package in '/home/abhirup-chakraborty/nav_project/src/nav2_robot_description' with build type 'ament_cmake'
[0.178s] INFO:colcon.colcon_cmake.task.cmake.build:Building CMake package in '/home/abhirup-chakraborty/nav_project/src/nav2_robot_description'
[0.178s] INFO:colcon.colcon_core.shell:Skip shell extension 'powershell' for command environment: Not usable outside of PowerShell
[0.178s] DEBUG:colcon.colcon_core.shell:Skip shell extension 'dsv' for command environment
[0.310s] INFO:colcon.colcon_core.task.python.build:Building Python package in '/home/abhirup-chakraborty/nav_project/src/nav2_commander'
[0.310s] INFO:colcon.colcon_core.shell:Skip shell extension 'powershell' for command environment: Not usable outside of PowerShell
[0.310s] DEBUG:colcon.colcon_core.shell:Skip shell extension 'dsv' for command environment
[0.315s] DEBUG:colcon.colcon_core.event_handler.log_command:Invoking command in '/home/abhirup-chakraborty/nav_project/build/nav2_robot_bringup': CMAKE_PREFIX_PATH=${CMAKE_PREFIX_PATH}:/home/abhirup-chakraborty/nav_project/install/nav2_commander:/opt/ros/jazzy DEBUGINFOD_URLS=https://debuginfod.ubuntu.com /usr/bin/cmake --build /home/abhirup-chakraborty/nav_project/build/nav2_robot_bringup -- -j24 -l24
[0.317s] DEBUG:colcon.colcon_core.event_handler.log_command:Invoking command in '/home/abhirup-chakraborty/nav_project/build/nav2_robot_description': CMAKE_PREFIX_PATH=${CMAKE_PREFIX_PATH}:/home/abhirup-chakraborty/nav_project/install/nav2_commander:/opt/ros/jazzy DEBUGINFOD_URLS=https://debuginfod.ubuntu.com /usr/bin/cmake --build /home/abhirup-chakraborty/nav_project/build/nav2_robot_description -- -j24 -l24
[0.344s] DEBUG:colcon.colcon_core.event_handler.log_command:Invoked command in '/home/abhirup-chakraborty/nav_project/build/nav2_robot_description' returned '0': CMAKE_PREFIX_PATH=${CMAKE_PREFIX_PATH}:/home/abhirup-chakraborty/nav_project/install/nav2_commander:/opt/ros/jazzy DEBUGINFOD_URLS=https://debuginfod.ubuntu.com /usr/bin/cmake --build /home/abhirup-chakraborty/nav_project/build/nav2_robot_description -- -j24 -l24
[0.351s] DEBUG:colcon.colcon_core.event_handler.log_command:Invoking command in '/home/abhirup-chakraborty/nav_project/build/nav2_robot_description': CMAKE_PREFIX_PATH=${CMAKE_PREFIX_PATH}:/home/abhirup-chakraborty/nav_project/install/nav2_commander:/opt/ros/jazzy DEBUGINFOD_URLS=https://debuginfod.ubuntu.com /usr/bin/cmake --install /home/abhirup-chakraborty/nav_project/build/nav2_robot_description
[0.351s] DEBUG:colcon.colcon_core.event_handler.log_command:Invoked command in '/home/abhirup-chakraborty/nav_project/build/nav2_robot_bringup' returned '0': CMAKE_PREFIX_PATH=${CMAKE_PREFIX_PATH}:/home/abhirup-chakraborty/nav_project/install/nav2_commander:/opt/ros/jazzy DEBUGINFOD_URLS=https://debuginfod.ubuntu.com /usr/bin/cmake --build /home/abhirup-chakraborty/nav_project/build/nav2_robot_bringup -- -j24 -l24
[0.352s] DEBUG:colcon.colcon_core.event_handler.log_command:Invoking command in '/home/abhirup-chakraborty/nav_project/build/nav2_robot_bringup': CMAKE_PREFIX_PATH=${CMAKE_PREFIX_PATH}:/home/abhirup-chakraborty/nav_project/install/nav2_commander:/opt/ros/jazzy DEBUGINFOD_URLS=https://debuginfod.ubuntu.com /usr/bin/cmake --install /home/abhirup-chakraborty/nav_project/build/nav2_robot_bringup
[0.358s] Level 1:colcon.colcon_core.environment:create_environment_scripts_only(nav2_robot_description)
[0.360s] DEBUG:colcon.colcon_core.event_handler.log_command:Invoked command in '/home/abhirup-chakraborty/nav_project/build/nav2_robot_description' returned '0': CMAKE_PREFIX_PATH=${CMAKE_PREFIX_PATH}:/home/abhirup-chakraborty/nav_project/install/nav2_commander:/opt/ros/jazzy DEBUGINFOD_URLS=https://debuginfod.ubuntu.com /usr/bin/cmake --install /home/abhirup-chakraborty/nav_project/build/nav2_robot_description
[0.360s] Level 1:colcon.colcon_core.environment:checking '/home/abhirup-chakraborty/nav_project/install/nav2_robot_description' for CMake module files
[0.361s] Level 1:colcon.colcon_core.environment:checking '/home/abhirup-chakraborty/nav_project/install/nav2_robot_description' for CMake config files
[0.361s] Level 1:colcon.colcon_core.shell:create_environment_hook('nav2_robot_description', 'cmake_prefix_path')
[0.361s] INFO:colcon.colcon_core.shell:Creating environment hook '/home/abhirup-chakraborty/nav_project/install/nav2_robot_description/share/nav2_robot_description/hook/cmake_prefix_path.ps1'
[0.361s] INFO:colcon.colcon_core.shell:Creating environment descriptor '/home/abhirup-chakraborty/nav_project/install/nav2_robot_description/share/nav2_robot_description/hook/cmake_prefix_path.dsv'
[0.361s] INFO:colcon.colcon_core.shell:Creating environment hook '/home/abhirup-chakraborty/nav_project/install/nav2_robot_description/share/nav2_robot_description/hook/cmake_prefix_path.sh'
[0.362s] Level 1:colcon.colcon_core.environment:checking '/home/abhirup-chakraborty/nav_project/install/nav2_robot_description/bin'
[0.362s] Level 1:colcon.colcon_core.environment:checking '/home/abhirup-chakraborty/nav_project/install/nav2_robot_description/lib/pkgconfig/nav2_robot_description.pc'
[0.362s] Level 1:colcon.colcon_core.environment:checking '/home/abhirup-chakraborty/nav_project/install/nav2_robot_description/lib/python3.12/site-packages'
[0.362s] Level 1:colcon.colcon_core.environment:checking '/home/abhirup-chakraborty/nav_project/install/nav2_robot_description/bin'
[0.362s] INFO:colcon.colcon_core.shell:Creating package script '/home/abhirup-chakraborty/nav_project/install/nav2_robot_description/share/nav2_robot_description/package.ps1'
[0.363s] INFO:colcon.colcon_core.shell:Creating package descriptor '/home/abhirup-chakraborty/nav_project/install/nav2_robot_description/share/nav2_robot_description/package.dsv'
[0.363s] INFO:colcon.colcon_core.shell:Creating package script '/home/abhirup-chakraborty/nav_project/install/nav2_robot_description/share/nav2_robot_description/package.sh'
[0.363s] INFO:colcon.colcon_core.shell:Creating package script '/home/abhirup-chakraborty/nav_project/install/nav2_robot_description/share/nav2_robot_description/package.bash'
[0.363s] INFO:colcon.colcon_core.shell:Creating package script '/home/abhirup-chakraborty/nav_project/install/nav2_robot_description/share/nav2_robot_description/package.zsh'
[0.364s] Level 1:colcon.colcon_core.environment:create_file_with_runtime_dependencies(/home/abhirup-chakraborty/nav_project/install/nav2_robot_description/share/colcon-core/packages/nav2_robot_description)
[0.364s] Level 1:colcon.colcon_core.environment:create_environment_scripts_only(nav2_robot_description)
[0.364s] Level 1:colcon.colcon_core.environment:checking '/home/abhirup-chakraborty/nav_project/install/nav2_robot_description' for CMake module files
[0.364s] Level 1:colcon.colcon_core.environment:checking '/home/abhirup-chakraborty/nav_project/install/nav2_robot_description' for CMake config files
[0.364s] Level 1:colcon.colcon_core.shell:create_environment_hook('nav2_robot_description', 'cmake_prefix_path')
[0.364s] INFO:colcon.colcon_core.shell:Creating environment hook '/home/abhirup-chakraborty/nav_project/install/nav2_robot_description/share/nav2_robot_description/hook/cmake_prefix_path.ps1'
[0.365s] INFO:colcon.colcon_core.shell:Creating environment descriptor '/home/abhirup-chakraborty/nav_project/install/nav2_robot_description/share/nav2_robot_description/hook/cmake_prefix_path.dsv'
[0.365s] INFO:colcon.colcon_core.shell:Creating environment hook '/home/abhirup-chakraborty/nav_project/install/nav2_robot_description/share/nav2_robot_description/hook/cmake_prefix_path.sh'
[0.365s] Level 1:colcon.colcon_core.environment:checking '/home/abhirup-chakraborty/nav_project/install/nav2_robot_description/bin'
[0.365s] Level 1:colcon.colcon_core.environment:checking '/home/abhirup-chakraborty/nav_project/install/nav2_robot_description/lib/pkgconfig/nav2_robot_description.pc'
[0.365s] Level 1:colcon.colcon_core.environment:checking '/home/abhirup-chakraborty/nav_project/install/nav2_robot_description/lib/python3.12/site-packages'
[0.365s] Level 1:colcon.colcon_core.environment:checking '/home/abhirup-chakraborty/nav_project/install/nav2_robot_description/bin'
[0.366s] INFO:colcon.colcon_core.shell:Creating package script '/home/abhirup-chakraborty/nav_project/install/nav2_robot_description/share/nav2_robot_description/package.ps1'
[0.366s] INFO:colcon.colcon_core.shell:Creating package descriptor '/home/abhirup-chakraborty/nav_project/install/nav2_robot_description/share/nav2_robot_description/package.dsv'
[0.366s] INFO:colcon.colcon_core.shell:Creating package script '/home/abhirup-chakraborty/nav_project/install/nav2_robot_description/share/nav2_robot_description/package.sh'
[0.366s] INFO:colcon.colcon_core.shell:Creating package script '/home/abhirup-chakraborty/nav_project/install/nav2_robot_description/share/nav2_robot_description/package.bash'
[0.367s] INFO:colcon.colcon_core.shell:Creating package script '/home/abhirup-chakraborty/nav_project/install/nav2_robot_description/share/nav2_robot_description/package.zsh'
[0.367s] Level 1:colcon.colcon_core.environment:create_file_with_runtime_dependencies(/home/abhirup-chakraborty/nav_project/install/nav2_robot_description/share/colcon-core/packages/nav2_robot_description)
[0.367s] Level 1:colcon.colcon_core.environment:create_environment_scripts_only(nav2_robot_bringup)
[0.367s] Level 1:colcon.colcon_core.environment:checking '/home/abhirup-chakraborty/nav_project/install/nav2_robot_bringup' for CMake module files
[0.368s] DEBUG:colcon.colcon_core.event_handler.log_command:Invoked command in '/home/abhirup-chakraborty/nav_project/build/nav2_robot_bringup' returned '0': CMAKE_PREFIX_PATH=${CMAKE_PREFIX_PATH}:/home/abhirup-chakraborty/nav_project/install/nav2_commander:/opt/ros/jazzy DEBUGINFOD_URLS=https://debuginfod.ubuntu.com /usr/bin/cmake --install /home/abhirup-chakraborty/nav_project/build/nav2_robot_bringup
[0.368s] Level 1:colcon.colcon_core.environment:checking '/home/abhirup-chakraborty/nav_project/install/nav2_robot_bringup' for CMake config files
[0.368s] Level 1:colcon.colcon_core.shell:create_environment_hook('nav2_robot_bringup', 'cmake_prefix_path')
[0.368s] INFO:colcon.colcon_core.shell:Creating environment hook '/home/abhirup-chakraborty/nav_project/install/nav2_robot_bringup/share/nav2_robot_bringup/hook/cmake_prefix_path.ps1'
[0.368s] INFO:colcon.colcon_core.shell:Creating environment descriptor '/home/abhirup-chakraborty/nav_project/install/nav2_robot_bringup/share/nav2_robot_bringup/hook/cmake_prefix_path.dsv'
[0.368s] INFO:colcon.colcon_core.shell:Creating environment hook '/home/abhirup-chakraborty/nav_project/install/nav2_robot_bringup/share/nav2_robot_bringup/hook/cmake_prefix_path.sh'
[0.369s] Level 1:colcon.colcon_core.environment:checking '/home/abhirup-chakraborty/nav_project/install/nav2_robot_bringup/bin'
[0.369s] Level 1:colcon.colcon_core.environment:checking '/home/abhirup-chakraborty/nav_project/install/nav2_robot_bringup/lib/pkgconfig/nav2_robot_bringup.pc'
[0.369s] Level 1:colcon.colcon_core.environment:checking '/home/abhirup-chakraborty/nav_project/install/nav2_robot_bringup/lib/python3.12/site-packages'
[0.369s] Level 1:colcon.colcon_core.environment:checking '/home/abhirup-chakraborty/nav_project/install/nav2_robot_bringup/bin'
[0.369s] INFO:colcon.colcon_core.shell:Creating package script '/home/abhirup-chakraborty/nav_project/install/nav2_robot_bringup/share/nav2_robot_bringup/package.ps1'
[0.369s] INFO:colcon.colcon_core.shell:Creating package descriptor '/home/abhirup-chakraborty/nav_project/install/nav2_robot_bringup/share/nav2_robot_bringup/package.dsv'
[0.369s] INFO:colcon.colcon_core.shell:Creating package script '/home/abhirup-chakraborty/nav_project/install/nav2_robot_bringup/share/nav2_robot_bringup/package.sh'
[0.370s] INFO:colcon.colcon_core.shell:Creating package script '/home/abhirup-chakraborty/nav_project/install/nav2_robot_bringup/share/nav2_robot_bringup/package.bash'
[0.370s] INFO:colcon.colcon_core.shell:Creating package script '/home/abhirup-chakraborty/nav_project/install/nav2_robot_bringup/share/nav2_robot_bringup/package.zsh'
[0.370s] Level 1:colcon.colcon_core.environment:create_file_with_runtime_dependencies(/home/abhirup-chakraborty/nav_project/install/nav2_robot_bringup/share/colcon-core/packages/nav2_robot_bringup)
[0.370s] Level 1:colcon.colcon_core.environment:create_environment_scripts_only(nav2_robot_bringup)
[0.370s] Level 1:colcon.colcon_core.environment:checking '/home/abhirup-chakraborty/nav_project/install/nav2_robot_bringup' for CMake module files
[0.371s] Level 1:colcon.colcon_core.environment:checking '/home/abhirup-chakraborty/nav_project/install/nav2_robot_bringup' for CMake config files
[0.371s] Level 1:colcon.colcon_core.shell:create_environment_hook('nav2_robot_bringup', 'cmake_prefix_path')
[0.371s] INFO:colcon.colcon_core.shell:Creating environment hook '/home/abhirup-chakraborty/nav_project/install/nav2_robot_bringup/share/nav2_robot_bringup/hook/cmake_prefix_path.ps1'
[0.371s] INFO:colcon.colcon_core.shell:Creating environment descriptor '/home/abhirup-chakraborty/nav_project/install/nav2_robot_bringup/share/nav2_robot_bringup/hook/cmake_prefix_path.dsv'
[0.371s] INFO:colcon.colcon_core.shell:Creating environment hook '/home/abhirup-chakraborty/nav_project/install/nav2_robot_bringup/share/nav2_robot_bringup/hook/cmake_prefix_path.sh'
[0.371s] Level 1:colcon.colcon_core.environment:checking '/home/abhirup-chakraborty/nav_project/install/nav2_robot_bringup/bin'
[0.371s] Level 1:colcon.colcon_core.environment:checking '/home/abhirup-chakraborty/nav_project/install/nav2_robot_bringup/lib/pkgconfig/nav2_robot_bringup.pc'
[0.371s] Level 1:colcon.colcon_core.environment:checking '/home/abhirup-chakraborty/nav_project/install/nav2_robot_bringup/lib/python3.12/site-packages'
[0.372s] Level 1:colcon.colcon_core.environment:checking '/home/abhirup-chakraborty/nav_project/install/nav2_robot_bringup/bin'
[0.372s] INFO:colcon.colcon_core.shell:Creating package script '/home/abhirup-chakraborty/nav_project/install/nav2_robot_bringup/share/nav2_robot_bringup/package.ps1'
[0.372s] INFO:colcon.colcon_core.shell:Creating package descriptor '/home/abhirup-chakraborty/nav_project/install/nav2_robot_bringup/share/nav2_robot_bringup/package.dsv'
[0.372s] INFO:colcon.colcon_core.shell:Creating package script '/home/abhirup-chakraborty/nav_project/install/nav2_robot_bringup/share/nav2_robot_bringup/package.sh'
[0.373s] INFO:colcon.colcon_core.shell:Creating package script '/home/abhirup-chakraborty/nav_project/install/nav2_robot_bringup/share/nav2_robot_bringup/package.bash'
[0.373s] INFO:colcon.colcon_core.shell:Creating package script '/home/abhirup-chakraborty/nav_project/install/nav2_robot_bringup/share/nav2_robot_bringup/package.zsh'
[0.373s] Level 1:colcon.colcon_core.environment:create_file_with_runtime_dependencies(/home/abhirup-chakraborty/nav_project/install/nav2_robot_bringup/share/colcon-core/packages/nav2_robot_bringup)
[0.680s] DEBUG:colcon.colcon_core.event_handler.log_command:Invoking command in '/home/abhirup-chakraborty/nav_project/src/nav2_commander': DEBUGINFOD_URLS=https://debuginfod.ubuntu.com PYTHONPATH=/home/abhirup-chakraborty/nav_project/build/nav2_commander/prefix_override:/usr/lib/python3/dist-packages/colcon_core/task/python/colcon_distutils_commands:/home/abhirup-chakraborty/nav_project/install/nav2_commander/lib/python3.12/site-packages:${PYTHONPATH} /usr/bin/python3 -W ignore:setup.py install is deprecated -W ignore:easy_install command is deprecated setup.py egg_info --egg-base ../../build/nav2_commander build --build-base /home/abhirup-chakraborty/nav_project/build/nav2_commander/build install --record /home/abhirup-chakraborty/nav_project/build/nav2_commander/install.log --single-version-externally-managed install_data
[1.014s] Level 1:colcon.colcon_core.environment:checking '/home/abhirup-chakraborty/nav_project/install/nav2_commander' for CMake module files
[1.014s] DEBUG:colcon.colcon_core.event_handler.log_command:Invoked command in '/home/abhirup-chakraborty/nav_project/src/nav2_commander' returned '0': DEBUGINFOD_URLS=https://debuginfod.ubuntu.com PYTHONPATH=/home/abhirup-chakraborty/nav_project/build/nav2_commander/prefix_override:/usr/lib/python3/dist-packages/colcon_core/task/python/colcon_distutils_commands:/home/abhirup-chakraborty/nav_project/install/nav2_commander/lib/python3.12/site-packages:${PYTHONPATH} /usr/bin/python3 -W ignore:setup.py install is deprecated -W ignore:easy_install command is deprecated setup.py egg_info --egg-base ../../build/nav2_commander build --build-base /home/abhirup-chakraborty/nav_project/build/nav2_commander/build install --record /home/abhirup-chakraborty/nav_project/build/nav2_commander/install.log --single-version-externally-managed install_data
[1.014s] Level 1:colcon.colcon_core.environment:checking '/home/abhirup-chakraborty/nav_project/install/nav2_commander' for CMake config files
[1.014s] Level 1:colcon.colcon_core.environment:checking '/home/abhirup-chakraborty/nav_project/install/nav2_commander/lib'
[1.014s] Level 1:colcon.colcon_core.environment:checking '/home/abhirup-chakraborty/nav_project/install/nav2_commander/bin'
[1.014s] Level 1:colcon.colcon_core.environment:checking '/home/abhirup-chakraborty/nav_project/install/nav2_commander/lib/pkgconfig/nav2_commander.pc'
[1.015s] Level 1:colcon.colcon_core.environment:checking '/home/abhirup-chakraborty/nav_project/install/nav2_commander/lib/python3.12/site-packages'
[1.015s] Level 1:colcon.colcon_core.shell:create_environment_hook('nav2_commander', 'pythonpath')
[1.015s] INFO:colcon.colcon_core.shell:Creating environment hook '/home/abhirup-chakraborty/nav_project/install/nav2_commander/share/nav2_commander/hook/pythonpath.ps1'
[1.015s] INFO:colcon.colcon_core.shell:Creating environment descriptor '/home/abhirup-chakraborty/nav_project/install/nav2_commander/share/nav2_commander/hook/pythonpath.dsv'
[1.015s] INFO:colcon.colcon_core.shell:Creating environment hook '/home/abhirup-chakraborty/nav_project/install/nav2_commander/share/nav2_commander/hook/pythonpath.sh'
[1.016s] Level 1:colcon.colcon_core.environment:checking '/home/abhirup-chakraborty/nav_project/install/nav2_commander/bin'
[1.016s] Level 1:colcon.colcon_core.environment:create_environment_scripts_only(nav2_commander)
[1.016s] INFO:colcon.colcon_core.shell:Creating package script '/home/abhirup-chakraborty/nav_project/install/nav2_commander/share/nav2_commander/package.ps1'
[1.016s] INFO:colcon.colcon_core.shell:Creating package descriptor '/home/abhirup-chakraborty/nav_project/install/nav2_commander/share/nav2_commander/package.dsv'
[1.016s] INFO:colcon.colcon_core.shell:Creating package script '/home/abhirup-chakraborty/nav_project/install/nav2_commander/share/nav2_commander/package.sh'
[1.016s] INFO:colcon.colcon_core.shell:Creating package script '/home/abhirup-chakraborty/nav_project/install/nav2_commander/share/nav2_commander/package.bash'
[1.017s] INFO:colcon.colcon_core.shell:Creating package script '/home/abhirup-chakraborty/nav_project/install/nav2_commander/share/nav2_commander/package.zsh'
[1.017s] Level 1:colcon.colcon_core.environment:create_file_with_runtime_dependencies(/home/abhirup-chakraborty/nav_project/install/nav2_commander/share/colcon-core/packages/nav2_commander)
[1.017s] DEBUG:colcon.colcon_parallel_executor.executor.parallel:closing loop
[1.017s] DEBUG:colcon.colcon_parallel_executor.executor.parallel:loop closed
[1.017s] DEBUG:colcon.colcon_parallel_executor.executor.parallel:run_until_complete finished with '0'
[1.017s] DEBUG:colcon.colcon_core.event_reactor:joining thread
[1.021s] INFO:colcon.colcon_core.plugin_system:Skipping extension 'colcon_notification.desktop_notification.terminal_notifier': Not used on non-Darwin systems
[1.021s] INFO:colcon.colcon_core.plugin_system:Skipping extension 'colcon_notification.desktop_notification.win32': Not used on non-Windows systems
[1.021s] INFO:colcon.colcon_notification.desktop_notification:Sending desktop notification using 'notify2'
[1.028s] DEBUG:colcon.colcon_core.event_reactor:joined thread
[1.028s] INFO:colcon.colcon_core.shell:Creating prefix script '/home/abhirup-chakraborty/nav_project/install/local_setup.ps1'
[1.029s] INFO:colcon.colcon_core.shell:Creating prefix util module '/home/abhirup-chakraborty/nav_project/install/_local_setup_util_ps1.py'
[1.029s] INFO:colcon.colcon_core.shell:Creating prefix chain script '/home/abhirup-chakraborty/nav_project/install/setup.ps1'
[1.030s] INFO:colcon.colcon_core.shell:Creating prefix script '/home/abhirup-chakraborty/nav_project/install/local_setup.sh'
[1.030s] INFO:colcon.colcon_core.shell:Creating prefix util module '/home/abhirup-chakraborty/nav_project/install/_local_setup_util_sh.py'
[1.030s] INFO:colcon.colcon_core.shell:Creating prefix chain script '/home/abhirup-chakraborty/nav_project/install/setup.sh'
[1.031s] INFO:colcon.colcon_core.shell:Creating prefix script '/home/abhirup-chakraborty/nav_project/install/local_setup.bash'
[1.031s] INFO:colcon.colcon_core.shell:Creating prefix chain script '/home/abhirup-chakraborty/nav_project/install/setup.bash'
[1.032s] INFO:colcon.colcon_core.shell:Creating prefix script '/home/abhirup-chakraborty/nav_project/install/local_setup.zsh'
[1.032s] INFO:colcon.colcon_core.shell:Creating prefix chain script '/home/abhirup-chakraborty/nav_project/install/setup.zsh'
