-- Install configuration: ""
-- Up-to-date: /home/abhirup-chakraborty/nav_project/install/nav2_robot_description/share/nav2_robot_description//urdf
-- Up-to-date: /home/abhirup-chakraborty/nav_project/install/nav2_robot_description/share/nav2_robot_description//urdf/lidar.xacro
-- Up-to-date: /home/abhirup-chakraborty/nav_project/install/nav2_robot_description/share/nav2_robot_description//urdf/camera.xacro
-- Up-to-date: /home/abhirup-chakraborty/nav_project/install/nav2_robot_description/share/nav2_robot_description//urdf/arm.xacro
-- Up-to-date: /home/abhirup-chakraborty/nav_project/install/nav2_robot_description/share/nav2_robot_description//urdf/common_properties.xacro
-- Up-to-date: /home/abhirup-chakraborty/nav_project/install/nav2_robot_description/share/nav2_robot_description//urdf/mobile_base_gazebo.xacro
-- Up-to-date: /home/abhirup-chakraborty/nav_project/install/nav2_robot_description/share/nav2_robot_description//urdf/mobile_base.xacro
-- Up-to-date: /home/abhirup-chakraborty/nav_project/install/nav2_robot_description/share/nav2_robot_description//urdf/mobile_arm_gazebo.xacro
-- Up-to-date: /home/abhirup-chakraborty/nav_project/install/nav2_robot_description/share/nav2_robot_description//urdf/nav2_robot.urdf.xacro
-- Up-to-date: /home/abhirup-chakraborty/nav_project/install/nav2_robot_description/share/nav2_robot_description//urdf/standalone_arm.urdf.xacro
-- Up-to-date: /home/abhirup-chakraborty/nav_project/install/nav2_robot_description/share/nav2_robot_description//launch
-- Up-to-date: /home/abhirup-chakraborty/nav_project/install/nav2_robot_description/share/nav2_robot_description//launch/display.launch.xml
-- Up-to-date: /home/abhirup-chakraborty/nav_project/install/nav2_robot_description/share/nav2_robot_description//rviz
-- Up-to-date: /home/abhirup-chakraborty/nav_project/install/nav2_robot_description/share/nav2_robot_description//rviz/nav_rviz_config.rviz
-- Up-to-date: /home/abhirup-chakraborty/nav_project/install/nav2_robot_description/share/ament_index/resource_index/package_run_dependencies/nav2_robot_description
-- Up-to-date: /home/abhirup-chakraborty/nav_project/install/nav2_robot_description/share/ament_index/resource_index/parent_prefix_path/nav2_robot_description
-- Up-to-date: /home/abhirup-chakraborty/nav_project/install/nav2_robot_description/share/nav2_robot_description/environment/ament_prefix_path.sh
-- Up-to-date: /home/abhirup-chakraborty/nav_project/install/nav2_robot_description/share/nav2_robot_description/environment/ament_prefix_path.dsv
-- Up-to-date: /home/abhirup-chakraborty/nav_project/install/nav2_robot_description/share/nav2_robot_description/environment/path.sh
-- Up-to-date: /home/abhirup-chakraborty/nav_project/install/nav2_robot_description/share/nav2_robot_description/environment/path.dsv
-- Up-to-date: /home/abhirup-chakraborty/nav_project/install/nav2_robot_description/share/nav2_robot_description/local_setup.bash
-- Up-to-date: /home/abhirup-chakraborty/nav_project/install/nav2_robot_description/share/nav2_robot_description/local_setup.sh
-- Up-to-date: /home/abhirup-chakraborty/nav_project/install/nav2_robot_description/share/nav2_robot_description/local_setup.zsh
-- Up-to-date: /home/abhirup-chakraborty/nav_project/install/nav2_robot_description/share/nav2_robot_description/local_setup.dsv
-- Up-to-date: /home/abhirup-chakraborty/nav_project/install/nav2_robot_description/share/nav2_robot_description/package.dsv
-- Up-to-date: /home/abhirup-chakraborty/nav_project/install/nav2_robot_description/share/ament_index/resource_index/packages/nav2_robot_description
-- Up-to-date: /home/abhirup-chakraborty/nav_project/install/nav2_robot_description/share/nav2_robot_description/cmake/nav2_robot_descriptionConfig.cmake
-- Up-to-date: /home/abhirup-chakraborty/nav_project/install/nav2_robot_description/share/nav2_robot_description/cmake/nav2_robot_descriptionConfig-version.cmake
-- Up-to-date: /home/abhirup-chakraborty/nav_project/install/nav2_robot_description/share/nav2_robot_description/package.xml
