[0.008s] Invoking command in '/home/abhirup-chakraborty/nav_project/build/nav2_robot_bringup': CMAKE_PREFIX_PATH=${CMAKE_PREFIX_PATH}:/opt/ros/jazzy DEBUGINFOD_URLS=https://debuginfod.ubuntu.com /usr/bin/cmake /home/abhirup-chakraborty/nav_project/src/nav2_robot_bringup -DCMAKE_INSTALL_PREFIX=/home/abhirup-chakraborty/nav_project/install/nav2_robot_bringup
[0.064s] -- The C compiler identification is GNU 13.3.0
[0.105s] -- The CXX compiler identification is GNU 13.3.0
[0.119s] -- Detecting C compiler ABI info
[0.236s] -- Detecting C compiler ABI info - done
[0.249s] -- Check for working C compiler: /usr/bin/cc - skipped
[0.249s] -- Detecting C compile features
[0.249s] -- Detecting C compile features - done
[0.258s] -- Detecting CXX compiler ABI info
[0.361s] -- Detecting CXX compiler ABI info - done
[0.366s] -- Check for working CXX compiler: /usr/bin/c++ - skipped
[0.366s] -- Detecting CXX compile features
[0.367s] -- Detecting CXX compile features - done
[0.370s] -- Found ament_cmake: 2.5.5 (/opt/ros/jazzy/share/ament_cmake/cmake)
[0.468s] -- Found Python3: /usr/bin/python3 (found version "3.12.3") found components: Interpreter 
[0.598s] -- Configuring done (0.6s)
[0.600s] -- Generating done (0.0s)
[0.600s] -- Build files have been written to: /home/abhirup-chakraborty/nav_project/build/nav2_robot_bringup
[0.605s] Invoked command in '/home/abhirup-chakraborty/nav_project/build/nav2_robot_bringup' returned '0': CMAKE_PREFIX_PATH=${CMAKE_PREFIX_PATH}:/opt/ros/jazzy DEBUGINFOD_URLS=https://debuginfod.ubuntu.com /usr/bin/cmake /home/abhirup-chakraborty/nav_project/src/nav2_robot_bringup -DCMAKE_INSTALL_PREFIX=/home/abhirup-chakraborty/nav_project/install/nav2_robot_bringup
[0.605s] Invoking command in '/home/abhirup-chakraborty/nav_project/build/nav2_robot_bringup': CMAKE_PREFIX_PATH=${CMAKE_PREFIX_PATH}:/opt/ros/jazzy DEBUGINFOD_URLS=https://debuginfod.ubuntu.com /usr/bin/cmake --build /home/abhirup-chakraborty/nav_project/build/nav2_robot_bringup -- -j24 -l24
[0.627s] Invoked command in '/home/abhirup-chakraborty/nav_project/build/nav2_robot_bringup' returned '0': CMAKE_PREFIX_PATH=${CMAKE_PREFIX_PATH}:/opt/ros/jazzy DEBUGINFOD_URLS=https://debuginfod.ubuntu.com /usr/bin/cmake --build /home/abhirup-chakraborty/nav_project/build/nav2_robot_bringup -- -j24 -l24
[0.634s] Invoking command in '/home/abhirup-chakraborty/nav_project/build/nav2_robot_bringup': CMAKE_PREFIX_PATH=${CMAKE_PREFIX_PATH}:/opt/ros/jazzy DEBUGINFOD_URLS=https://debuginfod.ubuntu.com /usr/bin/cmake --install /home/abhirup-chakraborty/nav_project/build/nav2_robot_bringup
[0.641s] -- Install configuration: ""
[0.642s] -- Installing: /home/abhirup-chakraborty/nav_project/install/nav2_robot_bringup/share/nav2_robot_bringup//config
[0.642s] -- Installing: /home/abhirup-chakraborty/nav_project/install/nav2_robot_bringup/share/nav2_robot_bringup//config/gazebo_bridge.yaml
[0.642s] -- Installing: /home/abhirup-chakraborty/nav_project/install/nav2_robot_bringup/share/nav2_robot_bringup//config/nav2_params.yaml
[0.642s] -- Installing: /home/abhirup-chakraborty/nav_project/install/nav2_robot_bringup/share/nav2_robot_bringup//launch
[0.642s] -- Installing: /home/abhirup-chakraborty/nav_project/install/nav2_robot_bringup/share/nav2_robot_bringup//launch/nav2_robot_gazebo.launch.xml
[0.643s] -- Installing: /home/abhirup-chakraborty/nav_project/install/nav2_robot_bringup/share/nav2_robot_bringup//launch/nav2_robot.launch.xml
[0.643s] -- Installing: /home/abhirup-chakraborty/nav_project/install/nav2_robot_bringup/share/nav2_robot_bringup//worlds
[0.643s] -- Installing: /home/abhirup-chakraborty/nav_project/install/nav2_robot_bringup/share/nav2_robot_bringup//worlds/tugbot_depot.sdf
[0.643s] -- Installing: /home/abhirup-chakraborty/nav_project/install/nav2_robot_bringup/share/nav2_robot_bringup//maps
[0.643s] -- Installing: /home/abhirup-chakraborty/nav_project/install/nav2_robot_bringup/share/nav2_robot_bringup//maps/nav2_world.pgm
[0.644s] -- Installing: /home/abhirup-chakraborty/nav_project/install/nav2_robot_bringup/share/nav2_robot_bringup//maps/nav2_world.yaml
[0.644s] -- Installing: /home/abhirup-chakraborty/nav_project/install/nav2_robot_bringup/share/ament_index/resource_index/package_run_dependencies/nav2_robot_bringup
[0.644s] -- Installing: /home/abhirup-chakraborty/nav_project/install/nav2_robot_bringup/share/ament_index/resource_index/parent_prefix_path/nav2_robot_bringup
[0.644s] -- Installing: /home/abhirup-chakraborty/nav_project/install/nav2_robot_bringup/share/nav2_robot_bringup/environment/ament_prefix_path.sh
[0.644s] -- Installing: /home/abhirup-chakraborty/nav_project/install/nav2_robot_bringup/share/nav2_robot_bringup/environment/ament_prefix_path.dsv
[0.644s] -- Installing: /home/abhirup-chakraborty/nav_project/install/nav2_robot_bringup/share/nav2_robot_bringup/environment/path.sh
[0.645s] -- Installing: /home/abhirup-chakraborty/nav_project/install/nav2_robot_bringup/share/nav2_robot_bringup/environment/path.dsv
[0.645s] -- Installing: /home/abhirup-chakraborty/nav_project/install/nav2_robot_bringup/share/nav2_robot_bringup/local_setup.bash
[0.645s] -- Installing: /home/abhirup-chakraborty/nav_project/install/nav2_robot_bringup/share/nav2_robot_bringup/local_setup.sh
[0.645s] -- Installing: /home/abhirup-chakraborty/nav_project/install/nav2_robot_bringup/share/nav2_robot_bringup/local_setup.zsh
[0.645s] -- Installing: /home/abhirup-chakraborty/nav_project/install/nav2_robot_bringup/share/nav2_robot_bringup/local_setup.dsv
[0.645s] -- Installing: /home/abhirup-chakraborty/nav_project/install/nav2_robot_bringup/share/nav2_robot_bringup/package.dsv
[0.645s] -- Installing: /home/abhirup-chakraborty/nav_project/install/nav2_robot_bringup/share/ament_index/resource_index/packages/nav2_robot_bringup
[0.645s] -- Installing: /home/abhirup-chakraborty/nav_project/install/nav2_robot_bringup/share/nav2_robot_bringup/cmake/nav2_robot_bringupConfig.cmake
[0.645s] -- Installing: /home/abhirup-chakraborty/nav_project/install/nav2_robot_bringup/share/nav2_robot_bringup/cmake/nav2_robot_bringupConfig-version.cmake
[0.646s] -- Installing: /home/abhirup-chakraborty/nav_project/install/nav2_robot_bringup/share/nav2_robot_bringup/package.xml
[0.646s] Invoked command in '/home/abhirup-chakraborty/nav_project/build/nav2_robot_bringup' returned '0': CMAKE_PREFIX_PATH=${CMAKE_PREFIX_PATH}:/opt/ros/jazzy DEBUGINFOD_URLS=https://debuginfod.ubuntu.com /usr/bin/cmake --install /home/abhirup-chakraborty/nav_project/build/nav2_robot_bringup
