[0.454s] Invoking command in '/home/abhirup-chakraborty/nav_project/src/nav2_commander': DEBUGINFOD_URLS=https://debuginfod.ubuntu.com PYTHONPATH=/home/abhirup-chakraborty/nav_project/build/nav2_commander/prefix_override:/usr/lib/python3/dist-packages/colcon_core/task/python/colcon_distutils_commands:/home/abhirup-chakraborty/nav_project/install/nav2_commander/lib/python3.12/site-packages:${PYTHONPATH} /usr/bin/python3 -W ignore:setup.py install is deprecated -W ignore:easy_install command is deprecated setup.py egg_info --egg-base ../../build/nav2_commander build --build-base /home/abhirup-chakraborty/nav_project/build/nav2_commander/build install --record /home/abhirup-chakraborty/nav_project/build/nav2_commander/install.log --single-version-externally-managed install_data
[0.606s] running egg_info
[0.617s] writing ../../build/nav2_commander/nav2_commander.egg-info/PKG-INFO
[0.617s] writing dependency_links to ../../build/nav2_commander/nav2_commander.egg-info/dependency_links.txt
[0.617s] writing entry points to ../../build/nav2_commander/nav2_commander.egg-info/entry_points.txt
[0.618s] writing requirements to ../../build/nav2_commander/nav2_commander.egg-info/requires.txt
[0.618s] writing top-level names to ../../build/nav2_commander/nav2_commander.egg-info/top_level.txt
[0.640s] reading manifest file '../../build/nav2_commander/nav2_commander.egg-info/SOURCES.txt'
[0.640s] writing manifest file '../../build/nav2_commander/nav2_commander.egg-info/SOURCES.txt'
[0.641s] running build
[0.641s] running build_py
[0.641s] copying nav2_commander/commander.py -> /home/abhirup-chakraborty/nav_project/build/nav2_commander/build/lib/nav2_commander
[0.641s] running install
[0.644s] running install_lib
[0.656s] copying /home/abhirup-chakraborty/nav_project/build/nav2_commander/build/lib/nav2_commander/commander.py -> /home/abhirup-chakraborty/nav_project/install/nav2_commander/lib/python3.12/site-packages/nav2_commander
[0.656s] byte-compiling /home/abhirup-chakraborty/nav_project/install/nav2_commander/lib/python3.12/site-packages/nav2_commander/commander.py to commander.cpython-312.pyc
[0.656s] running install_data
[0.657s] running install_egg_info
[0.669s] removing '/home/abhirup-chakraborty/nav_project/install/nav2_commander/lib/python3.12/site-packages/nav2_commander-0.0.0-py3.12.egg-info' (and everything under it)
[0.669s] Copying ../../build/nav2_commander/nav2_commander.egg-info to /home/abhirup-chakraborty/nav_project/install/nav2_commander/lib/python3.12/site-packages/nav2_commander-0.0.0-py3.12.egg-info
[0.669s] running install_scripts
[0.743s] Installing commander script to /home/abhirup-chakraborty/nav_project/install/nav2_commander/lib/nav2_commander
[0.744s] writing list of installed files to '/home/abhirup-chakraborty/nav_project/build/nav2_commander/install.log'
[0.759s] Invoked command in '/home/abhirup-chakraborty/nav_project/src/nav2_commander' returned '0': DEBUGINFOD_URLS=https://debuginfod.ubuntu.com PYTHONPATH=/home/abhirup-chakraborty/nav_project/build/nav2_commander/prefix_override:/usr/lib/python3/dist-packages/colcon_core/task/python/colcon_distutils_commands:/home/abhirup-chakraborty/nav_project/install/nav2_commander/lib/python3.12/site-packages:${PYTHONPATH} /usr/bin/python3 -W ignore:setup.py install is deprecated -W ignore:easy_install command is deprecated setup.py egg_info --egg-base ../../build/nav2_commander build --build-base /home/abhirup-chakraborty/nav_project/build/nav2_commander/build install --record /home/abhirup-chakraborty/nav_project/build/nav2_commander/install.log --single-version-externally-managed install_data
