running egg_info
creating ../../build/nav2_commander/nav2_commander.egg-info
writing ../../build/nav2_commander/nav2_commander.egg-info/PKG-INFO
writing dependency_links to ../../build/nav2_commander/nav2_commander.egg-info/dependency_links.txt
writing entry points to ../../build/nav2_commander/nav2_commander.egg-info/entry_points.txt
writing requirements to ../../build/nav2_commander/nav2_commander.egg-info/requires.txt
writing top-level names to ../../build/nav2_commander/nav2_commander.egg-info/top_level.txt
writing manifest file '../../build/nav2_commander/nav2_commander.egg-info/SOURCES.txt'
reading manifest file '../../build/nav2_commander/nav2_commander.egg-info/SOURCES.txt'
writing manifest file '../../build/nav2_commander/nav2_commander.egg-info/SOURCES.txt'
running build
running build_py
creating /home/abhirup-chakraborty/nav_project/build/nav2_commander/build
creating /home/abhirup-chakraborty/nav_project/build/nav2_commander/build/lib
creating /home/abhirup-chakraborty/nav_project/build/nav2_commander/build/lib/nav2_commander
copying nav2_commander/__init__.py -> /home/abhirup-chakraborty/nav_project/build/nav2_commander/build/lib/nav2_commander
copying nav2_commander/commander.py -> /home/abhirup-chakraborty/nav_project/build/nav2_commander/build/lib/nav2_commander
running install
running install_lib
creating /home/abhirup-chakraborty/nav_project/install/nav2_commander/lib/python3.12/site-packages/nav2_commander
copying /home/abhirup-chakraborty/nav_project/build/nav2_commander/build/lib/nav2_commander/__init__.py -> /home/abhirup-chakraborty/nav_project/install/nav2_commander/lib/python3.12/site-packages/nav2_commander
copying /home/abhirup-chakraborty/nav_project/build/nav2_commander/build/lib/nav2_commander/commander.py -> /home/abhirup-chakraborty/nav_project/install/nav2_commander/lib/python3.12/site-packages/nav2_commander
byte-compiling /home/abhirup-chakraborty/nav_project/install/nav2_commander/lib/python3.12/site-packages/nav2_commander/__init__.py to __init__.cpython-312.pyc
byte-compiling /home/abhirup-chakraborty/nav_project/install/nav2_commander/lib/python3.12/site-packages/nav2_commander/commander.py to commander.cpython-312.pyc
running install_data
creating /home/abhirup-chakraborty/nav_project/install/nav2_commander/share/ament_index
creating /home/abhirup-chakraborty/nav_project/install/nav2_commander/share/ament_index/resource_index
creating /home/abhirup-chakraborty/nav_project/install/nav2_commander/share/ament_index/resource_index/packages
copying resource/nav2_commander -> /home/abhirup-chakraborty/nav_project/install/nav2_commander/share/ament_index/resource_index/packages
copying package.xml -> /home/abhirup-chakraborty/nav_project/install/nav2_commander/share/nav2_commander
running install_egg_info
Copying ../../build/nav2_commander/nav2_commander.egg-info to /home/abhirup-chakraborty/nav_project/install/nav2_commander/lib/python3.12/site-packages/nav2_commander-0.0.0-py3.12.egg-info
running install_scripts
Installing commander script to /home/abhirup-chakraborty/nav_project/install/nav2_commander/lib/nav2_commander
writing list of installed files to '/home/abhirup-chakraborty/nav_project/build/nav2_commander/install.log'
