[0.482s] Invoking command in '/home/abhirup-chakraborty/nav_project/src/nav2_commander': DEBUGINFOD_URLS=https://debuginfod.ubuntu.com PYTHONPATH=/home/abhirup-chakraborty/nav_project/build/nav2_commander/prefix_override:/usr/lib/python3/dist-packages/colcon_core/task/python/colcon_distutils_commands:/home/abhirup-chakraborty/nav_project/install/nav2_commander/lib/python3.12/site-packages:${PYTHONPATH} /usr/bin/python3 -W ignore:setup.py install is deprecated -W ignore:easy_install command is deprecated setup.py egg_info --egg-base ../../build/nav2_commander build --build-base /home/abhirup-chakraborty/nav_project/build/nav2_commander/build install --record /home/abhirup-chakraborty/nav_project/build/nav2_commander/install.log --single-version-externally-managed install_data
[0.637s] running egg_info
[0.649s] writing ../../build/nav2_commander/nav2_commander.egg-info/PKG-INFO
[0.649s] writing dependency_links to ../../build/nav2_commander/nav2_commander.egg-info/dependency_links.txt
[0.649s] writing entry points to ../../build/nav2_commander/nav2_commander.egg-info/entry_points.txt
[0.649s] writing requirements to ../../build/nav2_commander/nav2_commander.egg-info/requires.txt
[0.649s] writing top-level names to ../../build/nav2_commander/nav2_commander.egg-info/top_level.txt
[0.672s] reading manifest file '../../build/nav2_commander/nav2_commander.egg-info/SOURCES.txt'
[0.672s] writing manifest file '../../build/nav2_commander/nav2_commander.egg-info/SOURCES.txt'
[0.672s] running build
[0.672s] running build_py
[0.672s] running install
[0.676s] running install_lib
[0.689s] running install_data
[0.689s] running install_egg_info
[0.701s] removing '/home/abhirup-chakraborty/nav_project/install/nav2_commander/lib/python3.12/site-packages/nav2_commander-0.0.0-py3.12.egg-info' (and everything under it)
[0.701s] Copying ../../build/nav2_commander/nav2_commander.egg-info to /home/abhirup-chakraborty/nav_project/install/nav2_commander/lib/python3.12/site-packages/nav2_commander-0.0.0-py3.12.egg-info
[0.702s] running install_scripts
[0.782s] Installing commander script to /home/abhirup-chakraborty/nav_project/install/nav2_commander/lib/nav2_commander
[0.782s] Installing patrol script to /home/abhirup-chakraborty/nav_project/install/nav2_commander/lib/nav2_commander
[0.782s] writing list of installed files to '/home/abhirup-chakraborty/nav_project/build/nav2_commander/install.log'
[0.799s] Invoked command in '/home/abhirup-chakraborty/nav_project/src/nav2_commander' returned '0': DEBUGINFOD_URLS=https://debuginfod.ubuntu.com PYTHONPATH=/home/abhirup-chakraborty/nav_project/build/nav2_commander/prefix_override:/usr/lib/python3/dist-packages/colcon_core/task/python/colcon_distutils_commands:/home/abhirup-chakraborty/nav_project/install/nav2_commander/lib/python3.12/site-packages:${PYTHONPATH} /usr/bin/python3 -W ignore:setup.py install is deprecated -W ignore:easy_install command is deprecated setup.py egg_info --egg-base ../../build/nav2_commander build --build-base /home/abhirup-chakraborty/nav_project/build/nav2_commander/build install --record /home/abhirup-chakraborty/nav_project/build/nav2_commander/install.log --single-version-externally-managed install_data
